<?xml version="1.0" encoding="UTF-8"?>
<!-- Generated by org.testng.reporters.JUnitReportReporter -->
<testsuite hostname="USHYDLTATAVART2" failures="0" tests="5" name="com.opencart.testcases.HomePageFeatureTest" time="3.601" errors="0" timestamp="05 Mar 2021 04:46:44 GMT" skipped="0">
  <testcase classname="com.opencart.testcases.HomePageFeatureTest" name="verifyHomePagetitletest" time="0.017"/>
  <testcase classname="com.opencart.testcases.HomePageFeatureTest" name="verifyAccountTitle" time="0.089"/>
  <testcase classname="com.opencart.testcases.HomePageFeatureTest" name="verifyMyaccountSectioncount" time="0.029"/>
  <testcase classname="com.opencart.testcases.HomePageFeatureTest" name="verifyMyaccountList" time="0.067"/>
  <testcase classname="com.opencart.testcases.HomePageFeatureTest" name="verifyEditAccountTest" time="3.399"/>
</testsuite> <!-- com.opencart.testcases.HomePageFeatureTest -->
