<?xml version="1.0" encoding="UTF-8"?>
<!-- Generated by org.testng.reporters.JUnitReportReporter -->
<testsuite hostname="USHYDLTATAVART2" failures="0" tests="4" name="com.opencart.testcases.AccountPageFeatureTest" time="6.556" errors="0" timestamp="05 Mar 2021 04:46:44 GMT" skipped="0">
  <testcase classname="com.opencart.testcases.AccountPageFeatureTest" name="verifyEditAccountTest" time="3.634"/>
  <testcase classname="com.opencart.testcases.AccountPageFeatureTest" name="EditFields" time="0.504"/>
  <testcase classname="com.opencart.testcases.AccountPageFeatureTest" name="clickcntuebtn" time="2.370"/>
  <testcase classname="com.opencart.testcases.AccountPageFeatureTest" name="verifysuccessBanner" time="0.048"/>
</testsuite> <!-- com.opencart.testcases.AccountPageFeatureTest -->
