<?xml version="1.0" encoding="UTF-8"?>
<!-- Generated by org.testng.reporters.JUnitReportReporter -->
<testsuite hostname="USHYDLTATAVART2" failures="0" tests="4" name="com.opencart.testcases.AccountPageFeatureTest" time="6.193" errors="0" timestamp="02 Feb 2021 16:54:06 GMT" skipped="0">
  <testcase classname="com.opencart.testcases.AccountPageFeatureTest" name="verifyEditAccountTest" time="1.464"/>
  <testcase classname="com.opencart.testcases.AccountPageFeatureTest" name="EditFields" time="0.374"/>
  <testcase classname="com.opencart.testcases.AccountPageFeatureTest" name="clickcntuebtn" time="4.288"/>
  <testcase classname="com.opencart.testcases.AccountPageFeatureTest" name="verifysuccessBanner" time="0.067"/>
</testsuite> <!-- com.opencart.testcases.AccountPageFeatureTest -->
